Automated run completed on Fri Feb 27 05:58:06 UTC 2026
Automated run completed on Fri Feb 27 09:05:02 UTC 2026
Automated run completed on Sat Feb 28 08:49:53 UTC 2026
Automated run completed on Sun Mar  1 08:52:36 UTC 2026
Automated run completed on Mon Mar  2 09:05:51 UTC 2026
Automated run completed on Tue Mar  3 09:05:43 UTC 2026
Automated run completed on Wed Mar  4 09:02:18 UTC 2026
Automated run completed on Thu Mar  5 09:05:08 UTC 2026
Automated run completed on Fri Mar  6 09:01:49 UTC 2026
Automated run completed on Sat Mar  7 08:52:56 UTC 2026
Automated run completed on Sun Mar  8 08:53:11 UTC 2026
Automated run completed on Mon Mar  9 09:05:58 UTC 2026
Automated run completed on Tue Mar 10 09:06:30 UTC 2026
Automated run completed on Wed Mar 11 09:05:25 UTC 2026
Automated run completed on Thu Mar 12 09:06:34 UTC 2026
Automated run completed on Fri Mar 13 09:03:55 UTC 2026
Automated run completed on Sat Mar 14 08:58:44 UTC 2026
Automated run completed on Sun Mar 15 08:59:28 UTC 2026
Automated run completed on Mon Mar 16 09:37:20 UTC 2026
Automated run completed on Tue Mar 17 09:12:49 UTC 2026
Automated run completed on Wed Mar 18 09:11:58 UTC 2026
Automated run completed on Thu Mar 19 09:07:26 UTC 2026
Automated run completed on Fri Mar 20 09:04:16 UTC 2026
Automated run completed on Sat Mar 21 08:55:13 UTC 2026
Automated run completed on Sun Mar 22 08:56:44 UTC 2026
